  [1m[35m (5.2ms)[0m  [1m[35mCREATE TABLE "schema_migrations" ("version" varchar NOT NULL PRIMARY KEY)[0m
  [1m[35m (3.8ms)[0m  [1m[35mCREATE TABLE "ar_internal_metadata" ("key" varchar NOT NULL PRIMARY KEY, "value" varchar, "created_at" datetime(6) NOT NULL, "updated_at" datetime(6) NOT NULL)[0m
  [1m[36mActiveRecord::SchemaMigration Pluck (0.1ms)[0m  [1m[34mSELECT "schema_migrations"."version" FROM "schema_migrations" ORDER BY "schema_migrations"."version" ASC[0m
Migrating to CreateUsers (20230721172229)
  [1m[36mTRANSACTION (0.1ms)[0m  [1m[36mbegin transaction[0m
  [1m[35m (0.3ms)[0m  [1m[35mCREATE TABLE "users" ("id" integer PRIMARY KEY AUTOINCREMENT NOT NULL, "name" varchar, "email" varchar, "password" varchar, "created_at" datetime(6) NOT NULL, "updated_at" datetime(6) NOT NULL)[0m
  [1m[36mActiveRecord::SchemaMigration Create (0.2ms)[0m  [1m[32mINSERT INTO "schema_migrations" ("version") VALUES (?)[0m  [["version", "20230721172229"]]
  [1m[36mTRANSACTION (4.1ms)[0m  [1m[36mcommit transaction[0m
  [1m[36mActiveRecord::InternalMetadata Load (0.2ms)[0m  [1m[34mSELECT "ar_internal_metadata".* FROM "ar_internal_metadata" WHERE "ar_internal_metadata"."key" = ? LIMIT ?[0m  [["key", "environment"], ["LIMIT", 1]]
  [1m[36mTRANSACTION (0.0ms)[0m  [1m[36mbegin transaction[0m
  [1m[36mActiveRecord::InternalMetadata Create (0.1ms)[0m  [1m[32mINSERT INTO "ar_internal_metadata" ("key", "value", "created_at", "updated_at") VALUES (?, ?, ?, ?)[0m  [["key", "environment"], ["value", "development"], ["created_at", "2023-07-21 17:22:54.292751"], ["updated_at", "2023-07-21 17:22:54.292751"]]
  [1m[36mTRANSACTION (3.1ms)[0m  [1m[36mcommit transaction[0m
  [1m[36mActiveRecord::SchemaMigration Pluck (0.1ms)[0m  [1m[34mSELECT "schema_migrations"."version" FROM "schema_migrations" ORDER BY "schema_migrations"."version" ASC[0m
Started GET "/" for 127.0.0.1 at 2023-07-26 15:20:34 -0300
  [1m[36mActiveRecord::SchemaMigration Pluck (0.1ms)[0m  [1m[34mSELECT "schema_migrations"."version" FROM "schema_migrations" ORDER BY "schema_migrations"."version" ASC[0m
  
NameError (uninitialized constant ApplicationController
Did you mean?  ApplicationHelper):
  
app/controllers/users_controller.rb:1:in `<main>'
Started GET "/" for 127.0.0.1 at 2023-07-26 15:22:18 -0300
  
NoMethodError (undefined method `before_action' for UsersController:Class):
  
app/controllers/users_controller.rb:2:in `<class:UsersController>'
app/controllers/users_controller.rb:1:in `<main>'
Started GET "/" for 127.0.0.1 at 2023-07-26 15:56:53 -0300
  [1m[36mActiveRecord::SchemaMigration Pluck (0.2ms)[0m  [1m[34mSELECT "schema_migrations"."version" FROM "schema_migrations" ORDER BY "schema_migrations"."version" ASC[0m
Processing by UsersController#index as HTML
Completed 500 Internal Server Error in 12ms (ActiveRecord: 0.0ms | Allocations: 5179)


  
NameError (uninitialized constant ApplicationRecord
Did you mean?  ApplicationJob
               ApplicationHelper):
  
app/models/user.rb:1:in `<main>'
app/controllers/users_controller.rb:5:in `index'
Started GET "/" for 127.0.0.1 at 2023-07-26 15:59:50 -0300
Processing by UsersController#index as HTML
  Rendering users/index.html.erb
  Rendered users/index.html.erb (Duration: 1.2ms | Allocations: 1658)
Completed 500 Internal Server Error in 5ms (Allocations: 3578)


  
ActionView::Template::Error (undefined method `each' for nil:NilClass):
    3: <h1>Shows</h1>
    4: 
    5: <div id="shows">
    6:   <% @shows.each do |show| %>
    7:     <%= render show %>
    8:     <p>
    9:       <%= link_to "Show this show", show %>
  
app/views/users/index.html.erb:6
Started GET "/" for 127.0.0.1 at 2023-07-26 16:03:42 -0300
Processing by UsersController#index as HTML
  [1m[36mUser Load (0.0ms)[0m  [1m[34mSELECT "users".* FROM "users"[0m
  ↳ app/controllers/users_controller.rb:6:in `index'
Completed 200 OK in 3ms (Views: 1.3ms | ActiveRecord: 0.2ms | Allocations: 1607)


Started GET "/" for 127.0.0.1 at 2023-07-26 16:03:46 -0300
Processing by UsersController#index as HTML
  [1m[36mUser Load (0.1ms)[0m  [1m[34mSELECT "users".* FROM "users"[0m
  ↳ app/controllers/users_controller.rb:6:in `index'
Completed 200 OK in 1ms (Views: 0.9ms | ActiveRecord: 0.1ms | Allocations: 710)


Started GET "/" for 127.0.0.1 at 2023-07-26 16:03:46 -0300
Processing by UsersController#index as HTML
  [1m[36mUser Load (0.1ms)[0m  [1m[34mSELECT "users".* FROM "users"[0m
  ↳ app/controllers/users_controller.rb:6:in `index'
Completed 200 OK in 2ms (Views: 1.7ms | ActiveRecord: 0.1ms | Allocations: 703)


Started GET "/" for 127.0.0.1 at 2023-07-26 16:03:46 -0300
Processing by UsersController#index as HTML
  [1m[36mUser Load (0.1ms)[0m  [1m[34mSELECT "users".* FROM "users"[0m
  ↳ app/controllers/users_controller.rb:6:in `index'
Completed 200 OK in 1ms (Views: 0.9ms | ActiveRecord: 0.1ms | Allocations: 708)


Started GET "/" for 127.0.0.1 at 2023-07-26 16:03:52 -0300
Processing by UsersController#index as HTML
  [1m[36mUser Load (0.1ms)[0m  [1m[34mSELECT "users".* FROM "users"[0m
  ↳ app/controllers/users_controller.rb:6:in `index'
Completed 200 OK in 2ms (Views: 1.2ms | ActiveRecord: 0.1ms | Allocations: 697)


Started GET "/" for 127.0.0.1 at 2023-07-26 16:08:11 -0300
  [1m[36mActiveRecord::SchemaMigration Pluck (0.1ms)[0m  [1m[34mSELECT "schema_migrations"."version" FROM "schema_migrations" ORDER BY "schema_migrations"."version" ASC[0m
Processing by Rails::WelcomeController#index as HTML
  Rendering /home/ester-rodrigues/.rvm/gems/ruby-3.0.0/gems/railties-7.0.6/lib/rails/templates/rails/welcome/index.html.erb
  Rendered /home/ester-rodrigues/.rvm/gems/ruby-3.0.0/gems/railties-7.0.6/lib/rails/templates/rails/welcome/index.html.erb (Duration: 0.9ms | Allocations: 727)
Completed 200 OK in 7ms (Views: 2.3ms | ActiveRecord: 0.0ms | Allocations: 7030)


Started GET "/users" for 127.0.0.1 at 2023-07-26 16:08:28 -0300
Processing by UsersController#index as HTML
  [1m[36mUser Load (0.1ms)[0m  [1m[34mSELECT "users".* FROM "users"[0m
  ↳ app/controllers/users_controller.rb:6:in `index'
Completed 200 OK in 2ms (Views: 0.9ms | ActiveRecord: 0.1ms | Allocations: 1513)


Started GET "/users" for 127.0.0.1 at 2023-07-26 16:32:55 -0300
  [1m[36mActiveRecord::SchemaMigration Pluck (0.1ms)[0m  [1m[34mSELECT "schema_migrations"."version" FROM "schema_migrations" ORDER BY "schema_migrations"."version" ASC[0m
Processing by UsersController#index as HTML
  [1m[36mUser Load (0.2ms)[0m  [1m[34mSELECT "users".* FROM "users"[0m
  ↳ app/controllers/users_controller.rb:6:in `index'
Completed 200 OK in 5ms (Views: 1.6ms | ActiveRecord: 0.2ms | Allocations: 4086)


Started GET "/users" for 127.0.0.1 at 2023-07-26 16:39:22 -0300
Processing by UsersController#index as */*
  [1m[36mUser Load (0.1ms)[0m  [1m[34mSELECT "users".* FROM "users"[0m
  ↳ app/controllers/users_controller.rb:6:in `index'
Completed 200 OK in 4ms (Views: 3.3ms | ActiveRecord: 0.6ms | Allocations: 871)


Started GET "/users" for 127.0.0.1 at 2023-07-26 16:39:22 -0300
Processing by UsersController#index as */*
  [1m[36mUser Load (0.1ms)[0m  [1m[34mSELECT "users".* FROM "users"[0m
  ↳ app/controllers/users_controller.rb:6:in `index'
Completed 200 OK in 2ms (Views: 1.2ms | ActiveRecord: 0.1ms | Allocations: 702)


Started GET "/users" for 127.0.0.1 at 2023-07-26 16:43:19 -0300
Processing by UsersController#index as */*
  [1m[36mUser Load (0.1ms)[0m  [1m[34mSELECT "users".* FROM "users"[0m
  ↳ app/controllers/users_controller.rb:6:in `index'
Completed 200 OK in 1ms (Views: 0.8ms | ActiveRecord: 0.1ms | Allocations: 712)


Started GET "/users" for 127.0.0.1 at 2023-07-26 16:43:19 -0300
Processing by UsersController#index as */*
  [1m[36mUser Load (0.1ms)[0m  [1m[34mSELECT "users".* FROM "users"[0m
  ↳ app/controllers/users_controller.rb:6:in `index'
Completed 200 OK in 2ms (Views: 1.2ms | ActiveRecord: 0.1ms | Allocations: 701)


Started GET "/users" for 127.0.0.1 at 2023-07-26 16:43:51 -0300
Processing by UsersController#index as */*
  [1m[36mUser Load (0.1ms)[0m  [1m[34mSELECT "users".* FROM "users"[0m
  ↳ app/controllers/users_controller.rb:6:in `index'
Completed 200 OK in 1ms (Views: 0.7ms | ActiveRecord: 0.1ms | Allocations: 701)


Started GET "/users" for 127.0.0.1 at 2023-07-26 16:44:24 -0300
Processing by UsersController#index as */*
  [1m[36mUser Load (0.1ms)[0m  [1m[34mSELECT "users".* FROM "users"[0m
  ↳ app/controllers/users_controller.rb:6:in `index'
Completed 200 OK in 2ms (Views: 1.1ms | ActiveRecord: 0.1ms | Allocations: 701)


Started GET "/users" for 127.0.0.1 at 2023-07-26 16:44:24 -0300
Processing by UsersController#index as */*
  [1m[36mUser Load (0.1ms)[0m  [1m[34mSELECT "users".* FROM "users"[0m
  ↳ app/controllers/users_controller.rb:6:in `index'
Completed 200 OK in 2ms (Views: 1.1ms | ActiveRecord: 0.1ms | Allocations: 701)


Started GET "/users" for 127.0.0.1 at 2023-07-26 16:46:06 -0300
Processing by UsersController#index as */*
  [1m[36mUser Load (0.1ms)[0m  [1m[34mSELECT "users".* FROM "users"[0m
  ↳ app/controllers/users_controller.rb:6:in `index'
Completed 200 OK in 2ms (Views: 1.9ms | ActiveRecord: 0.1ms | Allocations: 712)


Started GET "/users" for 127.0.0.1 at 2023-07-26 16:46:06 -0300
Processing by UsersController#index as */*
  [1m[36mUser Load (0.1ms)[0m  [1m[34mSELECT "users".* FROM "users"[0m
  ↳ app/controllers/users_controller.rb:6:in `index'
Completed 200 OK in 2ms (Views: 1.6ms | ActiveRecord: 0.1ms | Allocations: 701)


Started GET "/users" for 127.0.0.1 at 2023-07-26 17:06:20 -0300
  [1m[36mActiveRecord::SchemaMigration Pluck (0.1ms)[0m  [1m[34mSELECT "schema_migrations"."version" FROM "schema_migrations" ORDER BY "schema_migrations"."version" ASC[0m
Processing by UsersController#index as HTML
  [1m[36mUser Load (0.1ms)[0m  [1m[34mSELECT "users".* FROM "users"[0m
  ↳ app/controllers/users_controller.rb:6:in `index'
Completed 200 OK in 2ms (Views: 0.9ms | ActiveRecord: 0.1ms | Allocations: 1492)


Started GET "/users" for 127.0.0.1 at 2023-07-26 17:06:23 -0300
Processing by UsersController#index as HTML
  [1m[36mUser Load (0.1ms)[0m  [1m[34mSELECT "users".* FROM "users"[0m
  ↳ app/controllers/users_controller.rb:6:in `index'
Completed 200 OK in 2ms (Views: 1.7ms | ActiveRecord: 0.1ms | Allocations: 610)


Started GET "/users" for 127.0.0.1 at 2023-07-26 17:06:24 -0300
Processing by UsersController#index as HTML
  [1m[36mUser Load (0.1ms)[0m  [1m[34mSELECT "users".* FROM "users"[0m
  ↳ app/controllers/users_controller.rb:6:in `index'
Completed 200 OK in 2ms (Views: 1.7ms | ActiveRecord: 0.1ms | Allocations: 605)


Started GET "/users" for 127.0.0.1 at 2023-07-26 17:06:24 -0300
Processing by UsersController#index as HTML
  [1m[36mUser Load (0.1ms)[0m  [1m[34mSELECT "users".* FROM "users"[0m
  ↳ app/controllers/users_controller.rb:6:in `index'
Completed 200 OK in 1ms (Views: 0.8ms | ActiveRecord: 0.1ms | Allocations: 594)


Started GET "/users" for 127.0.0.1 at 2023-07-26 17:06:24 -0300
Processing by UsersController#index as HTML
  [1m[36mUser Load (0.1ms)[0m  [1m[34mSELECT "users".* FROM "users"[0m
  ↳ app/controllers/users_controller.rb:6:in `index'
Completed 200 OK in 2ms (Views: 1.5ms | ActiveRecord: 0.1ms | Allocations: 605)


Started GET "/" for 127.0.0.1 at 2023-07-26 17:06:42 -0300
Processing by Rails::WelcomeController#index as HTML
  Rendering /home/ester-rodrigues/.rvm/gems/ruby-3.0.0/gems/railties-7.0.6/lib/rails/templates/rails/welcome/index.html.erb
  Rendered /home/ester-rodrigues/.rvm/gems/ruby-3.0.0/gems/railties-7.0.6/lib/rails/templates/rails/welcome/index.html.erb (Duration: 0.9ms | Allocations: 725)
Completed 200 OK in 10ms (Views: 2.6ms | ActiveRecord: 0.0ms | Allocations: 6967)


Started GET "/users" for 127.0.0.1 at 2023-07-26 17:06:53 -0300
Processing by UsersController#index as */*
  [1m[36mUser Load (0.1ms)[0m  [1m[34mSELECT "users".* FROM "users"[0m
  ↳ app/controllers/users_controller.rb:6:in `index'
Completed 200 OK in 18ms (Views: 17.8ms | ActiveRecord: 0.1ms | Allocations: 601)


Started GET "/users" for 127.0.0.1 at 2023-07-26 17:06:53 -0300
Processing by UsersController#index as */*
  [1m[36mUser Load (0.1ms)[0m  [1m[34mSELECT "users".* FROM "users"[0m
  ↳ app/controllers/users_controller.rb:6:in `index'
Completed 200 OK in 2ms (Views: 1.4ms | ActiveRecord: 0.1ms | Allocations: 598)


Started GET "/" for 127.0.0.1 at 2023-07-26 17:18:45 -0300
  [1m[36mActiveRecord::SchemaMigration Pluck (0.1ms)[0m  [1m[34mSELECT "schema_migrations"."version" FROM "schema_migrations" ORDER BY "schema_migrations"."version" ASC[0m
Processing by Rails::WelcomeController#index as HTML
  Rendering /home/ester-rodrigues/.rvm/gems/ruby-3.0.0/gems/railties-7.0.6/lib/rails/templates/rails/welcome/index.html.erb
  Rendered /home/ester-rodrigues/.rvm/gems/ruby-3.0.0/gems/railties-7.0.6/lib/rails/templates/rails/welcome/index.html.erb (Duration: 0.7ms | Allocations: 727)
Completed 200 OK in 6ms (Views: 2.1ms | ActiveRecord: 0.0ms | Allocations: 7030)


Started GET "/users" for 127.0.0.1 at 2023-07-26 17:18:49 -0300
Processing by UsersController#index as */*
  [1m[36mUser Load (0.2ms)[0m  [1m[34mSELECT "users".* FROM "users"[0m
  ↳ app/controllers/users_controller.rb:6:in `index'
Completed 200 OK in 4ms (Views: 1.6ms | ActiveRecord: 0.2ms | Allocations: 1453)


Started GET "/users" for 127.0.0.1 at 2023-07-26 17:18:49 -0300
Processing by UsersController#index as */*
  [1m[36mUser Load (0.1ms)[0m  [1m[34mSELECT "users".* FROM "users"[0m
  ↳ app/controllers/users_controller.rb:6:in `index'
Completed 200 OK in 2ms (Views: 1.9ms | ActiveRecord: 0.1ms | Allocations: 599)


Started GET "/users" for 127.0.0.1 at 2023-07-26 17:19:30 -0300
Processing by UsersController#index as */*
  [1m[36mUser Load (0.1ms)[0m  [1m[34mSELECT "users".* FROM "users"[0m
  ↳ app/controllers/users_controller.rb:6:in `index'
Completed 200 OK in 1ms (Views: 0.9ms | ActiveRecord: 0.1ms | Allocations: 610)


Started GET "/users" for 127.0.0.1 at 2023-07-26 17:19:30 -0300
Processing by UsersController#index as */*
  [1m[36mUser Load (0.1ms)[0m  [1m[34mSELECT "users".* FROM "users"[0m
  ↳ app/controllers/users_controller.rb:6:in `index'
Completed 200 OK in 2ms (Views: 1.2ms | ActiveRecord: 0.1ms | Allocations: 599)


Started GET "/users" for 127.0.0.1 at 2023-07-26 17:20:25 -0300
Processing by UsersController#index as HTML
  [1m[36mUser Load (0.1ms)[0m  [1m[34mSELECT "users".* FROM "users"[0m
  ↳ app/controllers/users_controller.rb:6:in `index'
Completed 200 OK in 1ms (Views: 1.1ms | ActiveRecord: 0.1ms | Allocations: 595)


  [1m[36mUser Load (0.1ms)[0m  [1m[34mSELECT "users".* FROM "users"[0m
  [1m[36mUser Load (0.2ms)[0m  [1m[34mSELECT "users".* FROM "users"[0m
  [1m[36mUser Load (0.1ms)[0m  [1m[34mSELECT "users".* FROM "users"[0m
  [1m[36mTRANSACTION (0.1ms)[0m  [1m[36mbegin transaction[0m
  [1m[36mUser Create (0.4ms)[0m  [1m[32mINSERT INTO "users" ("id", "name", "email", "password", "created_at", "updated_at") VALUES (?, ?, ?, ?, ?, ?)[0m  [["id", 1], ["name", "test"], ["email", nil], ["password", "[FILTERED]"], ["created_at", "2023-07-26 20:25:59.226718"], ["updated_at", "2023-07-26 20:25:59.226718"]]
  [1m[36mTRANSACTION (4.6ms)[0m  [1m[36mcommit transaction[0m
  [1m[36mUser Load (0.2ms)[0m  [1m[34mSELECT "users".* FROM "users"[0m
Started GET "/users" for 127.0.0.1 at 2023-07-26 17:26:15 -0300
Processing by UsersController#index as */*
  [1m[36mUser Load (0.1ms)[0m  [1m[34mSELECT "users".* FROM "users"[0m
  ↳ app/controllers/users_controller.rb:6:in `index'
Completed 200 OK in 15ms (Views: 14.8ms | ActiveRecord: 0.7ms | Allocations: 19598)


Started GET "/users" for 127.0.0.1 at 2023-07-26 17:26:15 -0300
Processing by UsersController#index as */*
  [1m[36mUser Load (0.1ms)[0m  [1m[34mSELECT "users".* FROM "users"[0m
  ↳ app/controllers/users_controller.rb:6:in `index'
Completed 200 OK in 1ms (Views: 0.8ms | ActiveRecord: 0.1ms | Allocations: 717)


Started GET "/users" for 127.0.0.1 at 2023-07-26 17:26:32 -0300
Processing by UsersController#index as */*
  [1m[36mUser Load (0.1ms)[0m  [1m[34mSELECT "users".* FROM "users"[0m
  ↳ app/controllers/users_controller.rb:6:in `index'
Completed 200 OK in 2ms (Views: 1.8ms | ActiveRecord: 0.1ms | Allocations: 717)


Started GET "/users" for 127.0.0.1 at 2023-07-26 17:26:32 -0300
Processing by UsersController#index as */*
  [1m[36mUser Load (0.1ms)[0m  [1m[34mSELECT "users".* FROM "users"[0m
  ↳ app/controllers/users_controller.rb:6:in `index'
Completed 200 OK in 2ms (Views: 1.2ms | ActiveRecord: 0.1ms | Allocations: 717)


Started GET "/users" for 127.0.0.1 at 2023-07-31 17:05:45 -0300
Processing by UsersController#index as */*
  [1m[36mUser Load (0.1ms)[0m  [1m[34mSELECT "users".* FROM "users"[0m
  ↳ app/controllers/users_controller.rb:6:in `index'
Completed 200 OK in 3ms (Views: 2.6ms | ActiveRecord: 0.5ms | Allocations: 863)


Started GET "/users" for 127.0.0.1 at 2023-07-31 17:08:06 -0300
Processing by UsersController#index as */*
  [1m[36mUser Load (0.1ms)[0m  [1m[34mSELECT "users".* FROM "users"[0m
  ↳ app/controllers/users_controller.rb:6:in `index'
Completed 200 OK in 2ms (Views: 1.3ms | ActiveRecord: 0.1ms | Allocations: 717)


Started GET "/users" for 127.0.0.1 at 2023-07-31 17:08:06 -0300
Processing by UsersController#index as */*
  [1m[36mUser Load (0.1ms)[0m  [1m[34mSELECT "users".* FROM "users"[0m
  ↳ app/controllers/users_controller.rb:6:in `index'
Completed 200 OK in 2ms (Views: 1.4ms | ActiveRecord: 0.1ms | Allocations: 717)


Started GET "/users" for 127.0.0.1 at 2023-07-31 17:09:33 -0300
Processing by UsersController#index as */*
  [1m[36mUser Load (0.1ms)[0m  [1m[34mSELECT "users".* FROM "users"[0m
  ↳ app/controllers/users_controller.rb:6:in `index'
Completed 200 OK in 2ms (Views: 1.3ms | ActiveRecord: 0.1ms | Allocations: 717)


Started GET "/users" for 127.0.0.1 at 2023-07-31 17:12:54 -0300
Processing by UsersController#index as */*
  [1m[36mUser Load (0.1ms)[0m  [1m[34mSELECT "users".* FROM "users"[0m
  ↳ app/controllers/users_controller.rb:6:in `index'
Completed 200 OK in 2ms (Views: 1.4ms | ActiveRecord: 0.1ms | Allocations: 717)


Started GET "/users" for 127.0.0.1 at 2023-07-31 17:13:06 -0300
Processing by UsersController#index as */*
  [1m[36mUser Load (0.1ms)[0m  [1m[34mSELECT "users".* FROM "users"[0m
  ↳ app/controllers/users_controller.rb:6:in `index'
Completed 200 OK in 2ms (Views: 1.7ms | ActiveRecord: 0.1ms | Allocations: 717)


Started GET "/users" for 127.0.0.1 at 2023-07-31 17:13:16 -0300
Processing by UsersController#index as */*
  [1m[36mUser Load (0.1ms)[0m  [1m[34mSELECT "users".* FROM "users"[0m
  ↳ app/controllers/users_controller.rb:6:in `index'
Completed 200 OK in 2ms (Views: 1.6ms | ActiveRecord: 0.1ms | Allocations: 717)


Started GET "/users" for 127.0.0.1 at 2023-07-31 17:13:58 -0300
Processing by UsersController#index as */*
  [1m[36mUser Load (0.1ms)[0m  [1m[34mSELECT "users".* FROM "users"[0m
  ↳ app/controllers/users_controller.rb:6:in `index'
Completed 200 OK in 1ms (Views: 1.2ms | ActiveRecord: 0.1ms | Allocations: 717)


Started GET "/users" for 127.0.0.1 at 2023-07-31 17:14:07 -0300
Processing by UsersController#index as */*
  [1m[36mUser Load (0.1ms)[0m  [1m[34mSELECT "users".* FROM "users"[0m
  ↳ app/controllers/users_controller.rb:6:in `index'
Completed 200 OK in 2ms (Views: 1.4ms | ActiveRecord: 0.1ms | Allocations: 728)


Started GET "/users" for 127.0.0.1 at 2023-07-31 17:14:13 -0300
Processing by UsersController#index as */*
  [1m[36mUser Load (0.1ms)[0m  [1m[34mSELECT "users".* FROM "users"[0m
  ↳ app/controllers/users_controller.rb:6:in `index'
Completed 200 OK in 2ms (Views: 1.6ms | ActiveRecord: 0.1ms | Allocations: 717)


Started GET "/users" for 127.0.0.1 at 2023-07-31 17:15:10 -0300
Processing by UsersController#index as */*
  [1m[36mUser Load (0.1ms)[0m  [1m[34mSELECT "users".* FROM "users"[0m
  ↳ app/controllers/users_controller.rb:6:in `index'
Completed 200 OK in 1ms (Views: 1.2ms | ActiveRecord: 0.1ms | Allocations: 717)


Started GET "/users" for 127.0.0.1 at 2023-07-31 17:15:21 -0300
Processing by UsersController#index as */*
  [1m[36mUser Load (0.1ms)[0m  [1m[34mSELECT "users".* FROM "users"[0m
  ↳ app/controllers/users_controller.rb:6:in `index'
Completed 200 OK in 2ms (Views: 1.3ms | ActiveRecord: 0.1ms | Allocations: 717)


Started GET "/users" for 127.0.0.1 at 2023-07-31 17:15:53 -0300
Processing by UsersController#index as */*
  [1m[36mUser Load (0.1ms)[0m  [1m[34mSELECT "users".* FROM "users"[0m
  ↳ app/controllers/users_controller.rb:6:in `index'
Completed 200 OK in 2ms (Views: 1.3ms | ActiveRecord: 0.1ms | Allocations: 717)


Started GET "/users" for 127.0.0.1 at 2023-07-31 17:16:16 -0300
Processing by UsersController#index as */*
  [1m[36mUser Load (0.1ms)[0m  [1m[34mSELECT "users".* FROM "users"[0m
  ↳ app/controllers/users_controller.rb:6:in `index'
Completed 200 OK in 2ms (Views: 1.4ms | ActiveRecord: 0.1ms | Allocations: 717)


Started GET "/users" for 127.0.0.1 at 2023-07-31 17:16:16 -0300
Processing by UsersController#index as */*
  [1m[36mUser Load (0.1ms)[0m  [1m[34mSELECT "users".* FROM "users"[0m
  ↳ app/controllers/users_controller.rb:6:in `index'
Completed 200 OK in 1ms (Views: 1.1ms | ActiveRecord: 0.1ms | Allocations: 717)


Started GET "/users" for 127.0.0.1 at 2023-07-31 17:16:38 -0300
Processing by UsersController#index as */*
  [1m[36mUser Load (0.1ms)[0m  [1m[34mSELECT "users".* FROM "users"[0m
  ↳ app/controllers/users_controller.rb:6:in `index'
Completed 200 OK in 1ms (Views: 1.0ms | ActiveRecord: 0.1ms | Allocations: 717)


Started GET "/users" for 127.0.0.1 at 2023-07-31 17:16:38 -0300
Processing by UsersController#index as */*
  [1m[36mUser Load (0.1ms)[0m  [1m[34mSELECT "users".* FROM "users"[0m
  ↳ app/controllers/users_controller.rb:6:in `index'
Completed 200 OK in 4ms (Views: 3.2ms | ActiveRecord: 0.1ms | Allocations: 717)


Started GET "/users" for 127.0.0.1 at 2023-07-31 17:16:43 -0300
Processing by UsersController#index as */*
  [1m[36mUser Load (0.1ms)[0m  [1m[34mSELECT "users".* FROM "users"[0m
  ↳ app/controllers/users_controller.rb:6:in `index'
Completed 200 OK in 2ms (Views: 1.2ms | ActiveRecord: 0.1ms | Allocations: 717)


Started GET "/users" for 127.0.0.1 at 2023-07-31 17:16:43 -0300
Processing by UsersController#index as */*
  [1m[36mUser Load (0.1ms)[0m  [1m[34mSELECT "users".* FROM "users"[0m
  ↳ app/controllers/users_controller.rb:6:in `index'
Completed 200 OK in 2ms (Views: 1.7ms | ActiveRecord: 0.1ms | Allocations: 717)


Started GET "/users" for 127.0.0.1 at 2023-07-31 17:18:28 -0300
Processing by UsersController#index as */*
  [1m[36mUser Load (0.1ms)[0m  [1m[34mSELECT "users".* FROM "users"[0m
  ↳ app/controllers/users_controller.rb:6:in `index'
Completed 200 OK in 1ms (Views: 1.0ms | ActiveRecord: 0.1ms | Allocations: 717)


Started GET "/users" for 127.0.0.1 at 2023-07-31 17:18:34 -0300
Processing by UsersController#index as */*
  [1m[36mUser Load (0.1ms)[0m  [1m[34mSELECT "users".* FROM "users"[0m
  ↳ app/controllers/users_controller.rb:6:in `index'
Completed 200 OK in 2ms (Views: 1.4ms | ActiveRecord: 0.1ms | Allocations: 717)


Started GET "/users" for 127.0.0.1 at 2023-07-31 17:19:48 -0300
Processing by UsersController#index as */*
  [1m[36mUser Load (0.2ms)[0m  [1m[34mSELECT "users".* FROM "users"[0m
  ↳ app/controllers/users_controller.rb:6:in `index'
Completed 200 OK in 2ms (Views: 1.5ms | ActiveRecord: 0.2ms | Allocations: 717)


Started GET "/users" for 127.0.0.1 at 2023-07-31 17:19:48 -0300
Processing by UsersController#index as */*
  [1m[36mUser Load (0.1ms)[0m  [1m[34mSELECT "users".* FROM "users"[0m
  ↳ app/controllers/users_controller.rb:6:in `index'
Completed 200 OK in 2ms (Views: 1.6ms | ActiveRecord: 0.1ms | Allocations: 717)


Started GET "/users" for 127.0.0.1 at 2023-07-31 17:21:15 -0300
Processing by UsersController#index as */*
  [1m[36mUser Load (0.1ms)[0m  [1m[34mSELECT "users".* FROM "users"[0m
  ↳ app/controllers/users_controller.rb:6:in `index'
Completed 200 OK in 1ms (Views: 1.2ms | ActiveRecord: 0.1ms | Allocations: 717)


Started GET "/users" for 127.0.0.1 at 2023-07-31 17:21:26 -0300
Processing by UsersController#index as */*
  [1m[36mUser Load (0.1ms)[0m  [1m[34mSELECT "users".* FROM "users"[0m
  ↳ app/controllers/users_controller.rb:6:in `index'
Completed 200 OK in 2ms (Views: 1.4ms | ActiveRecord: 0.1ms | Allocations: 717)


Started GET "/users" for 127.0.0.1 at 2023-07-31 17:21:26 -0300
Processing by UsersController#index as */*
  [1m[36mUser Load (0.1ms)[0m  [1m[34mSELECT "users".* FROM "users"[0m
  ↳ app/controllers/users_controller.rb:6:in `index'
Completed 200 OK in 2ms (Views: 1.6ms | ActiveRecord: 0.1ms | Allocations: 717)


Started GET "/users" for 127.0.0.1 at 2023-07-31 17:25:18 -0300
Processing by UsersController#index as */*
  [1m[36mUser Load (0.1ms)[0m  [1m[34mSELECT "users".* FROM "users"[0m
  ↳ app/controllers/users_controller.rb:6:in `index'
Completed 200 OK in 2ms (Views: 2.0ms | ActiveRecord: 0.1ms | Allocations: 717)


Started GET "/users" for 127.0.0.1 at 2023-07-31 17:26:19 -0300
Processing by UsersController#index as */*
  [1m[36mUser Load (0.1ms)[0m  [1m[34mSELECT "users".* FROM "users"[0m
  ↳ app/controllers/users_controller.rb:6:in `index'
Completed 200 OK in 1ms (Views: 1.1ms | ActiveRecord: 0.1ms | Allocations: 717)


Started GET "/users" for 127.0.0.1 at 2023-07-31 17:32:51 -0300
Processing by UsersController#index as */*
  [1m[36mUser Load (0.1ms)[0m  [1m[34mSELECT "users".* FROM "users"[0m
  ↳ app/controllers/users_controller.rb:6:in `index'
Completed 200 OK in 3ms (Views: 3.0ms | ActiveRecord: 0.5ms | Allocations: 862)


Started GET "/users" for 127.0.0.1 at 2023-07-31 17:34:48 -0300
Processing by UsersController#index as */*
  [1m[36mUser Load (0.1ms)[0m  [1m[34mSELECT "users".* FROM "users"[0m
  ↳ app/controllers/users_controller.rb:6:in `index'
Completed 200 OK in 2ms (Views: 1.6ms | ActiveRecord: 0.1ms | Allocations: 717)


Started GET "/users" for 127.0.0.1 at 2023-07-31 17:34:48 -0300
Processing by UsersController#index as */*
  [1m[36mUser Load (0.2ms)[0m  [1m[34mSELECT "users".* FROM "users"[0m
  ↳ app/controllers/users_controller.rb:6:in `index'
Completed 200 OK in 2ms (Views: 1.9ms | ActiveRecord: 0.2ms | Allocations: 717)


Started GET "/users" for 127.0.0.1 at 2023-07-31 17:37:08 -0300
Processing by UsersController#index as */*
  [1m[36mUser Load (0.1ms)[0m  [1m[34mSELECT "users".* FROM "users"[0m
  ↳ app/controllers/users_controller.rb:6:in `index'
Completed 200 OK in 3ms (Views: 2.2ms | ActiveRecord: 0.1ms | Allocations: 717)


Started GET "/users" for 127.0.0.1 at 2023-07-31 17:37:08 -0300
Processing by UsersController#index as */*
  [1m[36mUser Load (0.2ms)[0m  [1m[34mSELECT "users".* FROM "users"[0m
  ↳ app/controllers/users_controller.rb:6:in `index'
Completed 200 OK in 2ms (Views: 1.9ms | ActiveRecord: 0.2ms | Allocations: 717)


Started GET "/users" for 127.0.0.1 at 2023-07-31 17:40:23 -0300
Processing by UsersController#index as */*
  [1m[36mUser Load (0.1ms)[0m  [1m[34mSELECT "users".* FROM "users"[0m
  ↳ app/controllers/users_controller.rb:6:in `index'
Completed 200 OK in 2ms (Views: 1.5ms | ActiveRecord: 0.1ms | Allocations: 717)


Started GET "/users" for 127.0.0.1 at 2023-07-31 17:40:30 -0300
Processing by UsersController#index as */*
  [1m[36mUser Load (0.1ms)[0m  [1m[34mSELECT "users".* FROM "users"[0m
  ↳ app/controllers/users_controller.rb:6:in `index'
Completed 200 OK in 1ms (Views: 1.2ms | ActiveRecord: 0.1ms | Allocations: 717)


Started GET "/users" for 127.0.0.1 at 2023-07-31 17:40:30 -0300
Processing by UsersController#index as */*
  [1m[36mUser Load (0.1ms)[0m  [1m[34mSELECT "users".* FROM "users"[0m
  ↳ app/controllers/users_controller.rb:6:in `index'
Completed 200 OK in 2ms (Views: 1.6ms | ActiveRecord: 0.1ms | Allocations: 717)


Started GET "/users" for 127.0.0.1 at 2023-07-31 17:43:32 -0300
Processing by UsersController#index as */*
  [1m[36mUser Load (0.1ms)[0m  [1m[34mSELECT "users".* FROM "users"[0m
  ↳ app/controllers/users_controller.rb:6:in `index'
Completed 200 OK in 2ms (Views: 1.7ms | ActiveRecord: 0.1ms | Allocations: 717)


Started GET "/users" for 127.0.0.1 at 2023-07-31 17:43:38 -0300
Processing by UsersController#index as */*
  [1m[36mUser Load (0.1ms)[0m  [1m[34mSELECT "users".* FROM "users"[0m
  ↳ app/controllers/users_controller.rb:6:in `index'
Completed 200 OK in 1ms (Views: 1.2ms | ActiveRecord: 0.1ms | Allocations: 717)


Started GET "/users" for 127.0.0.1 at 2023-07-31 17:43:38 -0300
Processing by UsersController#index as */*
  [1m[36mUser Load (0.2ms)[0m  [1m[34mSELECT "users".* FROM "users"[0m
  ↳ app/controllers/users_controller.rb:6:in `index'
Completed 200 OK in 2ms (Views: 1.7ms | ActiveRecord: 0.2ms | Allocations: 717)


  [1m[36mTRANSACTION (0.1ms)[0m  [1m[36mbegin transaction[0m
  [1m[36mUser Create (0.3ms)[0m  [1m[32mINSERT INTO "users" ("id", "name", "email", "password", "created_at", "updated_at") VALUES (?, ?, ?, ?, ?, ?)[0m  [["id", 2], ["name", "ester"], ["email", nil], ["password", "[FILTERED]"], ["created_at", "2023-07-31 20:45:00.064738"], ["updated_at", "2023-07-31 20:45:00.064738"]]
  [1m[36mTRANSACTION (10.8ms)[0m  [1m[36mcommit transaction[0m
  [1m[36mUser Load (0.2ms)[0m  [1m[34mSELECT "users".* FROM "users"[0m
Started GET "/users" for 127.0.0.1 at 2023-07-31 17:46:56 -0300
Processing by UsersController#index as */*
  [1m[36mUser Load (0.1ms)[0m  [1m[34mSELECT "users".* FROM "users"[0m
  ↳ app/controllers/users_controller.rb:6:in `index'
Completed 200 OK in 2ms (Views: 1.6ms | ActiveRecord: 0.1ms | Allocations: 828)


Started GET "/users" for 127.0.0.1 at 2023-07-31 17:46:56 -0300
Processing by UsersController#index as */*
  [1m[36mUser Load (0.1ms)[0m  [1m[34mSELECT "users".* FROM "users"[0m
  ↳ app/controllers/users_controller.rb:6:in `index'
Completed 200 OK in 3ms (Views: 3.0ms | ActiveRecord: 0.1ms | Allocations: 829)


Started GET "/users" for 127.0.0.1 at 2023-07-31 17:52:31 -0300
Processing by UsersController#index as HTML
  [1m[36mUser Load (0.1ms)[0m  [1m[34mSELECT "users".* FROM "users"[0m
  ↳ app/controllers/users_controller.rb:6:in `index'
Completed 200 OK in 5ms (Views: 3.9ms | ActiveRecord: 0.6ms | Allocations: 3509)


Started GET "/users" for 127.0.0.1 at 2023-07-31 18:00:58 -0300
Processing by UsersController#index as */*
  [1m[36mUser Load (0.0ms)[0m  [1m[34mSELECT "users".* FROM "users"[0m
  ↳ app/controllers/users_controller.rb:6:in `index'
Completed 200 OK in 2ms (Views: 1.6ms | ActiveRecord: 0.2ms | Allocations: 973)


Started GET "/users" for 127.0.0.1 at 2023-07-31 18:02:24 -0300
Processing by UsersController#index as */*
  [1m[36mUser Load (0.1ms)[0m  [1m[34mSELECT "users".* FROM "users"[0m
  ↳ app/controllers/users_controller.rb:6:in `index'
Completed 200 OK in 2ms (Views: 1.2ms | ActiveRecord: 0.1ms | Allocations: 830)


Started GET "/users" for 127.0.0.1 at 2023-07-31 18:05:55 -0300
Processing by UsersController#index as */*
  [1m[36mUser Load (0.1ms)[0m  [1m[34mSELECT "users".* FROM "users"[0m
  ↳ app/controllers/users_controller.rb:6:in `index'
Completed 200 OK in 2ms (Views: 1.4ms | ActiveRecord: 0.1ms | Allocations: 828)


Started GET "/users" for 127.0.0.1 at 2023-07-31 18:06:07 -0300
Processing by UsersController#index as */*
  [1m[36mUser Load (0.1ms)[0m  [1m[34mSELECT "users".* FROM "users"[0m
  ↳ app/controllers/users_controller.rb:6:in `index'
Completed 200 OK in 2ms (Views: 1.3ms | ActiveRecord: 0.1ms | Allocations: 828)


Started GET "/users" for 127.0.0.1 at 2023-07-31 18:06:07 -0300
Processing by UsersController#index as */*
  [1m[36mUser Load (0.1ms)[0m  [1m[34mSELECT "users".* FROM "users"[0m
  ↳ app/controllers/users_controller.rb:6:in `index'
Completed 200 OK in 2ms (Views: 1.5ms | ActiveRecord: 0.1ms | Allocations: 828)


Started POST "/user" for 127.0.0.1 at 2023-07-31 18:06:31 -0300
Processing by UsersController#create as */*
Completed 500 Internal Server Error in 1ms (ActiveRecord: 0.0ms | Allocations: 469)


  
ActiveModel::ForbiddenAttributesError (ActiveModel::ForbiddenAttributesError):
  
app/controllers/users_controller.rb:17:in `create'
Started POST "/user" for 127.0.0.1 at 2023-07-31 18:10:01 -0300
Processing by UsersController#create as */*
  [1m[36mTRANSACTION (0.0ms)[0m  [1m[36mbegin transaction[0m
  ↳ app/controllers/users_controller.rb:18:in `create'
  [1m[36mUser Create (0.3ms)[0m  [1m[32mINSERT INTO "users" ("id", "name", "email", "password", "created_at", "updated_at") VALUES (?, ?, ?, ?, ?, ?)[0m  [["id", 3], ["name", "test3"], ["email", nil], ["password", "[FILTERED]"], ["created_at", "2023-07-31 21:10:01.096504"], ["updated_at", "2023-07-31 21:10:01.096504"]]
  ↳ app/controllers/users_controller.rb:18:in `create'
  [1m[36mTRANSACTION (3.1ms)[0m  [1m[36mcommit transaction[0m
  ↳ app/controllers/users_controller.rb:18:in `create'
Completed 200 OK in 11ms (Views: 0.3ms | ActiveRecord: 3.9ms | Allocations: 5504)


Started GET "/users" for 127.0.0.1 at 2023-07-31 18:10:09 -0300
Processing by UsersController#index as */*
  [1m[36mUser Load (0.2ms)[0m  [1m[34mSELECT "users".* FROM "users"[0m
  ↳ app/controllers/users_controller.rb:6:in `index'
Completed 200 OK in 2ms (Views: 1.7ms | ActiveRecord: 0.2ms | Allocations: 1069)


Started GET "/users" for 127.0.0.1 at 2023-07-31 18:10:10 -0300
Processing by UsersController#index as */*
  [1m[36mUser Load (0.1ms)[0m  [1m[34mSELECT "users".* FROM "users"[0m
  ↳ app/controllers/users_controller.rb:6:in `index'
Completed 200 OK in 2ms (Views: 1.3ms | ActiveRecord: 0.1ms | Allocations: 939)


Started GET "/users" for 127.0.0.1 at 2023-07-31 18:13:56 -0300
Processing by UsersController#index as */*
  [1m[36mUser Load (0.1ms)[0m  [1m[34mSELECT "users".* FROM "users"[0m
  ↳ app/controllers/users_controller.rb:10:in `index'
Completed 200 OK in 8ms (Views: 6.3ms | ActiveRecord: 1.5ms | Allocations: 3556)


Started GET "/users" for 127.0.0.1 at 2023-07-31 18:13:56 -0300
Processing by UsersController#index as */*
  [1m[36mUser Load (0.1ms)[0m  [1m[34mSELECT "users".* FROM "users"[0m
  ↳ app/controllers/users_controller.rb:10:in `index'
Completed 200 OK in 2ms (Views: 1.6ms | ActiveRecord: 0.1ms | Allocations: 941)


Started POST "/user" for 127.0.0.1 at 2023-07-31 18:14:00 -0300
Processing by UsersController#create as */*
Completed 400 Bad Request in 1ms (ActiveRecord: 0.0ms | Allocations: 449)


  
ActionController::ParameterMissing (param is missing or the value is empty: post):
  
app/controllers/users_controller.rb:5:in `post_params'
app/controllers/users_controller.rb:21:in `create'
Started GET "/users" for 127.0.0.1 at 2023-07-31 18:18:11 -0300
Processing by UsersController#index as */*
  [1m[36mUser Load (0.1ms)[0m  [1m[34mSELECT "users".* FROM "users"[0m
  ↳ app/controllers/users_controller.rb:10:in `index'
Completed 200 OK in 2ms (Views: 1.5ms | ActiveRecord: 0.1ms | Allocations: 938)


Started GET "/users" for 127.0.0.1 at 2023-07-31 18:18:22 -0300
Processing by UsersController#index as */*
  [1m[36mUser Load (0.1ms)[0m  [1m[34mSELECT "users".* FROM "users"[0m
  ↳ app/controllers/users_controller.rb:10:in `index'
Completed 200 OK in 2ms (Views: 1.6ms | ActiveRecord: 0.1ms | Allocations: 939)


Started GET "/users" for 127.0.0.1 at 2023-07-31 18:18:22 -0300
Processing by UsersController#index as */*
  [1m[36mUser Load (0.1ms)[0m  [1m[34mSELECT "users".* FROM "users"[0m
  ↳ app/controllers/users_controller.rb:10:in `index'
Completed 200 OK in 2ms (Views: 1.9ms | ActiveRecord: 0.1ms | Allocations: 939)


Started POST "/user" for 127.0.0.1 at 2023-07-31 18:18:26 -0300
Error occurred while parsing request parameters.
Contents:

[object Object]
Processing by UsersController#create as */*
Completed 400 Bad Request in 1ms (ActiveRecord: 0.0ms | Allocations: 606)


  
ActionDispatch::Http::Parameters::ParseError (Error occurred while parsing request parameters):
  
app/controllers/users_controller.rb:5:in `post_params'
app/controllers/users_controller.rb:21:in `create'
Started GET "/users" for 127.0.0.1 at 2023-07-31 18:20:22 -0300
Processing by UsersController#index as */*
  [1m[36mUser Load (0.1ms)[0m  [1m[34mSELECT "users".* FROM "users"[0m
  ↳ app/controllers/users_controller.rb:10:in `index'
Completed 200 OK in 2ms (Views: 1.5ms | ActiveRecord: 0.1ms | Allocations: 938)


Started GET "/users" for 127.0.0.1 at 2023-07-31 18:20:39 -0300
Processing by UsersController#index as */*
  [1m[36mUser Load (0.1ms)[0m  [1m[34mSELECT "users".* FROM "users"[0m
  ↳ app/controllers/users_controller.rb:10:in `index'
Completed 200 OK in 2ms (Views: 1.4ms | ActiveRecord: 0.1ms | Allocations: 939)


Started GET "/users" for 127.0.0.1 at 2023-07-31 18:20:39 -0300
Processing by UsersController#index as */*
  [1m[36mUser Load (0.1ms)[0m  [1m[34mSELECT "users".* FROM "users"[0m
  ↳ app/controllers/users_controller.rb:10:in `index'
Completed 200 OK in 1ms (Views: 1.2ms | ActiveRecord: 0.1ms | Allocations: 939)


Started POST "/user" for 127.0.0.1 at 2023-07-31 18:20:45 -0300
Processing by UsersController#create as */*
  Parameters: {"name"=>"guilherme", "email"=>"guilherme@test.com", "user"=>{"name"=>"guilherme", "email"=>"guilherme@test.com"}}
Completed 400 Bad Request in 1ms (ActiveRecord: 0.0ms | Allocations: 416)


  
ActionController::ParameterMissing (param is missing or the value is empty: post):
  
app/controllers/users_controller.rb:5:in `post_params'
app/controllers/users_controller.rb:21:in `create'
Started POST "/user" for 127.0.0.1 at 2023-07-31 18:25:52 -0300
Processing by UsersController#create as */*
  Parameters: {"name"=>"guilherme", "email"=>"guilherme@test.com", "user"=>{"name"=>"guilherme", "email"=>"guilherme@test.com"}}
Completed 500 Internal Server Error in 2ms (ActiveRecord: 0.2ms | Allocations: 1961)


  
ActiveModel::UnknownAttributeError (unknown attribute 'controller' for User.):
  
app/controllers/users_controller.rb:21:in `create'
Started GET "/users" for 127.0.0.1 at 2023-08-01 17:15:08 -0300
Processing by UsersController#index as */*
  [1m[36mUser Load (0.1ms)[0m  [1m[34mSELECT "users".* FROM "users"[0m
  ↳ app/controllers/users_controller.rb:10:in `index'
Completed 200 OK in 3ms (Views: 2.5ms | ActiveRecord: 0.4ms | Allocations: 1236)


Started GET "/users" for 127.0.0.1 at 2023-08-01 17:15:08 -0300
Processing by UsersController#index as */*
  [1m[36mUser Load (0.1ms)[0m  [1m[34mSELECT "users".* FROM "users"[0m
  ↳ app/controllers/users_controller.rb:10:in `index'
Completed 200 OK in 3ms (Views: 2.9ms | ActiveRecord: 0.1ms | Allocations: 941)


Started POST "/user" for 127.0.0.1 at 2023-08-01 17:15:12 -0300
Processing by UsersController#create as */*
  Parameters: {"name"=>"guilherme", "email"=>"guilherme@test.com", "user"=>{"name"=>"guilherme", "email"=>"guilherme@test.com"}}
Completed 500 Internal Server Error in 1ms (ActiveRecord: 0.0ms | Allocations: 489)


  
ActiveModel::UnknownAttributeError (unknown attribute 'controller' for User.):
  
app/controllers/users_controller.rb:21:in `create'
Started POST "/user" for 127.0.0.1 at 2023-08-01 17:15:20 -0300
Processing by UsersController#create as */*
  Parameters: {"name"=>"guilherme", "email"=>"guilherme@test.com", "user"=>{"name"=>"guilherme", "email"=>"guilherme@test.com"}}
Completed 500 Internal Server Error in 1ms (ActiveRecord: 0.0ms | Allocations: 489)


  
ActiveModel::UnknownAttributeError (unknown attribute 'controller' for User.):
  
app/controllers/users_controller.rb:21:in `create'
Started POST "/user" for 127.0.0.1 at 2023-08-01 17:58:22 -0300
Processing by UsersController#create as */*
  Parameters: {"name"=>"guilherme", "email"=>"guilherme@test.com", "user"=>{"name"=>"guilherme", "email"=>"guilherme@test.com"}}
  [1m[36mTRANSACTION (0.0ms)[0m  [1m[36mbegin transaction[0m
  ↳ app/controllers/users_controller.rb:22:in `create'
  [1m[36mUser Create (0.1ms)[0m  [1m[32mINSERT INTO "users" ("name", "email", "password", "created_at", "updated_at") VALUES (?, ?, ?, ?, ?)[0m  [["name", "guilherme"], ["email", "guilherme@test.com"], ["password", "[FILTERED]"], ["created_at", "2023-08-01 20:58:23.007032"], ["updated_at", "2023-08-01 20:58:23.007032"]]
  ↳ app/controllers/users_controller.rb:22:in `create'
  [1m[36mTRANSACTION (4.1ms)[0m  [1m[36mcommit transaction[0m
  ↳ app/controllers/users_controller.rb:22:in `create'
Completed 200 OK in 8ms (Views: 0.7ms | ActiveRecord: 4.4ms | Allocations: 3367)


  [1m[36mTRANSACTION (0.1ms)[0m  [1m[36mbegin transaction[0m
  [1m[36mUser Create (1.1ms)[0m  [1m[32mINSERT INTO "users" ("id", "name", "email", "password", "created_at", "updated_at") VALUES (?, ?, ?, ?, ?, ?)[0m  [["id", 3], ["name", "jkdfdf"], ["email", nil], ["password", "[FILTERED]"], ["created_at", "2023-08-01 21:03:02.265103"], ["updated_at", "2023-08-01 21:03:02.265103"]]
  [1m[36mTRANSACTION (0.1ms)[0m  [1m[31mrollback transaction[0m
  [1m[36mUser Load (0.2ms)[0m  [1m[34mSELECT "users".* FROM "users"[0m
Started POST "/user" for 127.0.0.1 at 2023-08-02 17:01:16 -0300
Processing by UsersController#create as */*
  Parameters: {"name"=>"guilherme", "email"=>"guilherme@test.com", "user"=>{"name"=>"guilherme", "email"=>"guilherme@test.com"}}
  [1m[36mTRANSACTION (0.0ms)[0m  [1m[36mbegin transaction[0m
  ↳ app/controllers/users_controller.rb:22:in `create'
  [1m[36mUser Create (0.6ms)[0m  [1m[32mINSERT INTO "users" ("name", "email", "password", "created_at", "updated_at") VALUES (?, ?, ?, ?, ?)[0m  [["name", "guilherme"], ["email", "guilherme@test.com"], ["password", "[FILTERED]"], ["created_at", "2023-08-02 20:01:16.739928"], ["updated_at", "2023-08-02 20:01:16.739928"]]
  ↳ app/controllers/users_controller.rb:22:in `create'
  [1m[36mTRANSACTION (6.2ms)[0m  [1m[36mcommit transaction[0m
  ↳ app/controllers/users_controller.rb:22:in `create'
Completed 200 OK in 11ms (Views: 0.3ms | ActiveRecord: 7.1ms | Allocations: 1930)


Started GET "/users" for 127.0.0.1 at 2023-08-02 17:02:07 -0300
Processing by UsersController#index as */*
  [1m[36mUser Load (0.2ms)[0m  [1m[34mSELECT "users".* FROM "users"[0m
  ↳ app/controllers/users_controller.rb:10:in `index'
Completed 200 OK in 6ms (Views: 5.9ms | ActiveRecord: 0.2ms | Allocations: 1305)


Started GET "/users" for 127.0.0.1 at 2023-08-02 17:02:07 -0300
Processing by UsersController#index as */*
  [1m[36mUser Load (0.1ms)[0m  [1m[34mSELECT "users".* FROM "users"[0m
  ↳ app/controllers/users_controller.rb:10:in `index'
Completed 200 OK in 2ms (Views: 1.7ms | ActiveRecord: 0.1ms | Allocations: 1174)


Started GET "/users" for 127.0.0.1 at 2023-08-02 17:10:48 -0300
Processing by UsersController#index as */*
  [1m[36mUser Load (0.1ms)[0m  [1m[34mSELECT "users".* FROM "users"[0m
  ↳ app/controllers/users_controller.rb:6:in `index'
Completed 200 OK in 10ms (Views: 4.8ms | ActiveRecord: 0.4ms | Allocations: 3460)


Started GET "/users" for 127.0.0.1 at 2023-08-02 17:14:08 -0300
Processing by UsersController#index as */*
  [1m[36mUser Load (0.1ms)[0m  [1m[34mSELECT "users".* FROM "users"[0m
  ↳ app/controllers/users_controller.rb:6:in `index'
Completed 200 OK in 3ms (Views: 2.1ms | ActiveRecord: 0.1ms | Allocations: 1176)


Started GET "/users" for 127.0.0.1 at 2023-08-02 17:18:19 -0300
Processing by UsersController#index as */*
  [1m[36mUser Load (0.1ms)[0m  [1m[34mSELECT "users".* FROM "users"[0m
  ↳ app/controllers/users_controller.rb:6:in `index'
Completed 200 OK in 2ms (Views: 1.3ms | ActiveRecord: 0.1ms | Allocations: 1174)


Started GET "/users" for 127.0.0.1 at 2023-08-02 17:20:14 -0300
Processing by UsersController#index as */*
  [1m[36mUser Load (0.1ms)[0m  [1m[34mSELECT "users".* FROM "users"[0m
  ↳ app/controllers/users_controller.rb:6:in `index'
Completed 200 OK in 4ms (Views: 3.2ms | ActiveRecord: 0.1ms | Allocations: 1174)


Started GET "/users" for 127.0.0.1 at 2023-08-02 17:20:29 -0300
Processing by UsersController#index as */*
  [1m[36mUser Load (0.1ms)[0m  [1m[34mSELECT "users".* FROM "users"[0m
  ↳ app/controllers/users_controller.rb:6:in `index'
Completed 200 OK in 2ms (Views: 1.6ms | ActiveRecord: 0.1ms | Allocations: 1174)


Started GET "/users" for 127.0.0.1 at 2023-08-02 17:20:29 -0300
Processing by UsersController#index as */*
  [1m[36mUser Load (0.1ms)[0m  [1m[34mSELECT "users".* FROM "users"[0m
  ↳ app/controllers/users_controller.rb:6:in `index'
Completed 200 OK in 2ms (Views: 1.4ms | ActiveRecord: 0.1ms | Allocations: 1174)


Started PUT "/user/1" for 127.0.0.1 at 2023-08-02 17:20:34 -0300
Processing by UsersController#update as */*
  Parameters: {"name"=>"guilherme test", "email"=>"guilherme@test.com test", "id"=>"1", "user"=>{"name"=>"guilherme test", "email"=>"guilherme@test.com test"}}
  [1m[36mUser Load (0.1ms)[0m  [1m[34mSELECT "users".* FROM "users" WHERE "users"."id" = ? LIMIT ?[0m  [["id", 1], ["LIMIT", 1]]
  ↳ app/controllers/users_controller.rb:27:in `set_user'
No template found for UsersController#update, rendering head :no_content
Completed 204 No Content in 9ms (ActiveRecord: 0.1ms | Allocations: 4717)


Started PUT "/user/2" for 127.0.0.1 at 2023-08-02 17:20:38 -0300
Processing by UsersController#update as */*
  Parameters: {"name"=>"guilherme test", "email"=>"guilherme@test.com test", "id"=>"2", "user"=>{"name"=>"guilherme test", "email"=>"guilherme@test.com test"}}
  [1m[36mUser Load (0.1ms)[0m  [1m[34mSELECT "users".* FROM "users" WHERE "users"."id" = ? LIMIT ?[0m  [["id", 2], ["LIMIT", 1]]
  ↳ app/controllers/users_controller.rb:27:in `set_user'
No template found for UsersController#update, rendering head :no_content
Completed 204 No Content in 1ms (ActiveRecord: 0.1ms | Allocations: 553)


Started PUT "/user/3" for 127.0.0.1 at 2023-08-02 17:20:41 -0300
Processing by UsersController#update as */*
  Parameters: {"name"=>"guilherme test", "email"=>"guilherme@test.com test", "id"=>"3", "user"=>{"name"=>"guilherme test", "email"=>"guilherme@test.com test"}}
  [1m[36mUser Load (0.1ms)[0m  [1m[34mSELECT "users".* FROM "users" WHERE "users"."id" = ? LIMIT ?[0m  [["id", 3], ["LIMIT", 1]]
  ↳ app/controllers/users_controller.rb:27:in `set_user'
No template found for UsersController#update, rendering head :no_content
Completed 204 No Content in 1ms (ActiveRecord: 0.1ms | Allocations: 554)


Started PUT "/user/4" for 127.0.0.1 at 2023-08-02 17:20:43 -0300
Processing by UsersController#update as */*
  Parameters: {"name"=>"guilherme test", "email"=>"guilherme@test.com test", "id"=>"4", "user"=>{"name"=>"guilherme test", "email"=>"guilherme@test.com test"}}
  [1m[36mUser Load (0.1ms)[0m  [1m[34mSELECT "users".* FROM "users" WHERE "users"."id" = ? LIMIT ?[0m  [["id", 4], ["LIMIT", 1]]
  ↳ app/controllers/users_controller.rb:27:in `set_user'
No template found for UsersController#update, rendering head :no_content
Completed 204 No Content in 1ms (ActiveRecord: 0.1ms | Allocations: 555)


Started PUT "/user/5" for 127.0.0.1 at 2023-08-02 17:20:44 -0300
Processing by UsersController#update as */*
  Parameters: {"name"=>"guilherme test", "email"=>"guilherme@test.com test", "id"=>"5", "user"=>{"name"=>"guilherme test", "email"=>"guilherme@test.com test"}}
  [1m[36mUser Load (0.1ms)[0m  [1m[34mSELECT "users".* FROM "users" WHERE "users"."id" = ? LIMIT ?[0m  [["id", 5], ["LIMIT", 1]]
  ↳ app/controllers/users_controller.rb:27:in `set_user'
No template found for UsersController#update, rendering head :no_content
Completed 204 No Content in 1ms (ActiveRecord: 0.1ms | Allocations: 555)


Started PUT "/user/1" for 127.0.0.1 at 2023-08-02 17:22:38 -0300
Processing by UsersController#update as */*
  Parameters: {"name"=>"guilherme test", "email"=>"guilherme@test.com test", "id"=>"1", "user"=>{"name"=>"guilherme test", "email"=>"guilherme@test.com test"}}
  [1m[36mUser Load (0.1ms)[0m  [1m[34mSELECT "users".* FROM "users" WHERE "users"."id" = ? LIMIT ?[0m  [["id", 1], ["LIMIT", 1]]
  ↳ app/controllers/users_controller.rb:28:in `set_user'
No template found for UsersController#update, rendering head :no_content
Completed 204 No Content in 3ms (ActiveRecord: 0.6ms | Allocations: 2661)


Started PUT "/user/2" for 127.0.0.1 at 2023-08-02 17:23:55 -0300
Processing by UsersController#update as */*
  Parameters: {"name"=>"guilherme test", "email"=>"guilherme@test.com test", "id"=>"2", "user"=>{"name"=>"guilherme test", "email"=>"guilherme@test.com test"}}
  [1m[36mUser Load (0.1ms)[0m  [1m[34mSELECT "users".* FROM "users" WHERE "users"."id" = ? LIMIT ?[0m  [["id", 2], ["LIMIT", 1]]
  ↳ app/controllers/users_controller.rb:28:in `set_user'
No template found for UsersController#update, rendering head :no_content
Completed 204 No Content in 3ms (ActiveRecord: 1.0ms | Allocations: 2665)


Started PUT "/user/1" for 127.0.0.1 at 2023-08-02 17:26:35 -0300
Processing by UsersController#update as */*
  Parameters: {"name"=>"guilherme test", "email"=>"guilherme@test.com test", "id"=>"1", "user"=>{"name"=>"guilherme test", "email"=>"guilherme@test.com test"}}
Completed 500 Internal Server Error in 4ms (ActiveRecord: 0.6ms | Allocations: 2228)


  
NoMethodError (undefined method `set_user' for #<UsersController:0x0000000002b408>
Did you mean?  set_request!):
  
activesupport (7.0.6) lib/active_support/callbacks.rb:400:in `block in make_lambda'
activesupport (7.0.6) lib/active_support/callbacks.rb:180:in `block (2 levels) in halting_and_conditional'
actionpack (7.0.6) lib/abstract_controller/callbacks.rb:34:in `block (2 levels) in <module:Callbacks>'
activesupport (7.0.6) lib/active_support/callbacks.rb:181:in `block in halting_and_conditional'
activesupport (7.0.6) lib/active_support/callbacks.rb:595:in `block in invoke_before'
activesupport (7.0.6) lib/active_support/callbacks.rb:595:in `each'
activesupport (7.0.6) lib/active_support/callbacks.rb:595:in `invoke_before'
activesupport (7.0.6) lib/active_support/callbacks.rb:106:in `run_callbacks'
actionpack (7.0.6) lib/abstract_controller/callbacks.rb:233:in `process_action'
actionpack (7.0.6) lib/action_controller/metal/rescue.rb:23:in `process_action'
actionpack (7.0.6) lib/action_controller/metal/instrumentation.rb:67:in `block in process_action'
activesupport (7.0.6) lib/active_support/notifications.rb:206:in `block in instrument'
activesupport (7.0.6) lib/active_support/notifications/instrumenter.rb:24:in `instrument'
activesupport (7.0.6) lib/active_support/notifications.rb:206:in `instrument'
actionpack (7.0.6) lib/action_controller/metal/instrumentation.rb:66:in `process_action'
actionpack (7.0.6) lib/action_controller/metal/params_wrapper.rb:259:in `process_action'
activerecord (7.0.6) lib/active_record/railties/controller_runtime.rb:27:in `process_action'
actionpack (7.0.6) lib/abstract_controller/base.rb:151:in `process'
actionview (7.0.6) lib/action_view/rendering.rb:39:in `process'
actionpack (7.0.6) lib/action_controller/metal.rb:188:in `dispatch'
actionpack (7.0.6) lib/action_controller/metal.rb:251:in `dispatch'
actionpack (7.0.6) lib/action_dispatch/routing/route_set.rb:49:in `dispatch'
actionpack (7.0.6) lib/action_dispatch/routing/route_set.rb:32:in `serve'
actionpack (7.0.6) lib/action_dispatch/journey/router.rb:50:in `block in serve'
actionpack (7.0.6) lib/action_dispatch/journey/router.rb:32:in `each'
actionpack (7.0.6) lib/action_dispatch/journey/router.rb:32:in `serve'
actionpack (7.0.6) lib/action_dispatch/routing/route_set.rb:852:in `call'
rack (2.2.7) lib/rack/etag.rb:27:in `call'
rack (2.2.7) lib/rack/conditional_get.rb:40:in `call'
rack (2.2.7) lib/rack/head.rb:12:in `call'
activerecord (7.0.6) lib/active_record/migration.rb:603:in `call'
actionpack (7.0.6) lib/action_dispatch/middleware/callbacks.rb:27:in `block in call'
activesupport (7.0.6) lib/active_support/callbacks.rb:99:in `run_callbacks'
actionpack (7.0.6) lib/action_dispatch/middleware/callbacks.rb:26:in `call'
actionpack (7.0.6) lib/action_dispatch/middleware/executor.rb:14:in `call'
actionpack (7.0.6) lib/action_dispatch/middleware/actionable_exceptions.rb:17:in `call'
actionpack (7.0.6) lib/action_dispatch/middleware/debug_exceptions.rb:28:in `call'
web-console (4.2.0) lib/web_console/middleware.rb:132:in `call_app'
web-console (4.2.0) lib/web_console/middleware.rb:28:in `block in call'
web-console (4.2.0) lib/web_console/middleware.rb:17:in `catch'
web-console (4.2.0) lib/web_console/middleware.rb:17:in `call'
actionpack (7.0.6) lib/action_dispatch/middleware/show_exceptions.rb:29:in `call'
railties (7.0.6) lib/rails/rack/logger.rb:40:in `call_app'
railties (7.0.6) lib/rails/rack/logger.rb:25:in `block in call'
activesupport (7.0.6) lib/active_support/tagged_logging.rb:99:in `block in tagged'
activesupport (7.0.6) lib/active_support/tagged_logging.rb:37:in `tagged'
activesupport (7.0.6) lib/active_support/tagged_logging.rb:99:in `tagged'
railties (7.0.6) lib/rails/rack/logger.rb:25:in `call'
sprockets-rails (3.4.2) lib/sprockets/rails/quiet_assets.rb:13:in `call'
actionpack (7.0.6) lib/action_dispatch/middleware/remote_ip.rb:93:in `call'
actionpack (7.0.6) lib/action_dispatch/middleware/request_id.rb:26:in `call'
rack (2.2.7) lib/rack/runtime.rb:22:in `call'
activesupport (7.0.6) lib/active_support/cache/strategy/local_cache_middleware.rb:29:in `call'
actionpack (7.0.6) lib/action_dispatch/middleware/server_timing.rb:61:in `block in call'
actionpack (7.0.6) lib/action_dispatch/middleware/server_timing.rb:26:in `collect_events'
actionpack (7.0.6) lib/action_dispatch/middleware/server_timing.rb:60:in `call'
actionpack (7.0.6) lib/action_dispatch/middleware/executor.rb:14:in `call'
actionpack (7.0.6) lib/action_dispatch/middleware/static.rb:23:in `call'
rack (2.2.7) lib/rack/sendfile.rb:110:in `call'
actionpack (7.0.6) lib/action_dispatch/middleware/host_authorization.rb:137:in `call'
rack-cors (2.0.1) lib/rack/cors.rb:102:in `call'
railties (7.0.6) lib/rails/engine.rb:530:in `call'
puma (5.6.6) lib/puma/configuration.rb:252:in `call'
puma (5.6.6) lib/puma/request.rb:77:in `block in handle_request'
puma (5.6.6) lib/puma/thread_pool.rb:340:in `with_force_shutdown'
puma (5.6.6) lib/puma/request.rb:76:in `handle_request'
puma (5.6.6) lib/puma/server.rb:443:in `process_client'
puma (5.6.6) lib/puma/thread_pool.rb:147:in `block in spawn_thread'
Started PUT "/user/1" for 127.0.0.1 at 2023-08-02 17:28:38 -0300
Processing by UsersController#update as */*
  Parameters: {"name"=>"guilherme test", "email"=>"guilherme@test.com test", "id"=>"1", "user"=>{"name"=>"guilherme test", "email"=>"guilherme@test.com test"}}
  [1m[36mUser Load (0.2ms)[0m  [1m[34mSELECT "users".* FROM "users" WHERE "users"."id" = ? LIMIT ?[0m  [["id", 1], ["LIMIT", 1]]
  ↳ app/controllers/users_controller.rb:16:in `update'
No template found for UsersController#update, rendering head :no_content
Completed 204 No Content in 4ms (ActiveRecord: 1.1ms | Allocations: 2722)


Started PUT "/user/3" for 127.0.0.1 at 2023-08-02 17:32:14 -0300
Processing by UsersController#update as */*
  Parameters: {"name"=>"guilherme test", "email"=>"guilherme@test.com test", "id"=>"3", "user"=>{"name"=>"guilherme test", "email"=>"guilherme@test.com test"}}
  [1m[36mUser Load (0.1ms)[0m  [1m[34mSELECT "users".* FROM "users" WHERE "users"."id" = ? LIMIT ?[0m  [["id", 3], ["LIMIT", 1]]
  ↳ app/controllers/users_controller.rb:16:in `update'
  [1m[36mTRANSACTION (0.1ms)[0m  [1m[36mbegin transaction[0m
  ↳ app/controllers/users_controller.rb:19:in `update'
  [1m[36mUser Update (0.2ms)[0m  [1m[33mUPDATE "users" SET "name" = ?, "email" = ?, "updated_at" = ? WHERE "users"."id" = ?[0m  [["name", "guilherme test"], ["email", "guilherme@test.com test"], ["updated_at", "2023-08-02 20:32:14.794898"], ["id", 3]]
  ↳ app/controllers/users_controller.rb:19:in `update'
  [1m[36mTRANSACTION (5.2ms)[0m  [1m[36mcommit transaction[0m
  ↳ app/controllers/users_controller.rb:19:in `update'
No template found for UsersController#update, rendering head :no_content
Completed 204 No Content in 12ms (ActiveRecord: 6.4ms | Allocations: 4383)


Started GET "/users" for 127.0.0.1 at 2023-08-02 17:32:19 -0300
Processing by UsersController#index as */*
  [1m[36mUser Load (0.1ms)[0m  [1m[34mSELECT "users".* FROM "users"[0m
  ↳ app/controllers/users_controller.rb:6:in `index'
Completed 200 OK in 5ms (Views: 4.0ms | ActiveRecord: 0.1ms | Allocations: 1271)


Started GET "/users" for 127.0.0.1 at 2023-08-02 17:32:19 -0300
Processing by UsersController#index as */*
  [1m[36mUser Load (0.3ms)[0m  [1m[34mSELECT "users".* FROM "users"[0m
  ↳ app/controllers/users_controller.rb:6:in `index'
Completed 200 OK in 3ms (Views: 2.2ms | ActiveRecord: 0.3ms | Allocations: 1179)


Started PUT "/user/5" for 127.0.0.1 at 2023-08-02 17:32:38 -0300
Processing by UsersController#update as */*
  Parameters: {"name"=>"guilherme test", "email"=>"guilherme@test.com test", "id"=>"5", "user"=>{"name"=>"guilherme test", "email"=>"guilherme@test.com test"}}
  [1m[36mUser Load (0.2ms)[0m  [1m[34mSELECT "users".* FROM "users" WHERE "users"."id" = ? LIMIT ?[0m  [["id", 5], ["LIMIT", 1]]
  ↳ app/controllers/users_controller.rb:16:in `update'
  [1m[36mTRANSACTION (0.1ms)[0m  [1m[36mbegin transaction[0m
  ↳ app/controllers/users_controller.rb:19:in `update'
  [1m[36mUser Update (0.4ms)[0m  [1m[33mUPDATE "users" SET "name" = ?, "email" = ?, "updated_at" = ? WHERE "users"."id" = ?[0m  [["name", "guilherme test"], ["email", "guilherme@test.com test"], ["updated_at", "2023-08-02 20:32:38.682188"], ["id", 5]]
  ↳ app/controllers/users_controller.rb:19:in `update'
  [1m[36mTRANSACTION (4.3ms)[0m  [1m[36mcommit transaction[0m
  ↳ app/controllers/users_controller.rb:19:in `update'
No template found for UsersController#update, rendering head :no_content
Completed 204 No Content in 12ms (ActiveRecord: 4.9ms | Allocations: 2150)


Started GET "/users" for 127.0.0.1 at 2023-08-02 17:32:41 -0300
Processing by UsersController#index as */*
  [1m[36mUser Load (0.1ms)[0m  [1m[34mSELECT "users".* FROM "users"[0m
  ↳ app/controllers/users_controller.rb:6:in `index'
Completed 200 OK in 2ms (Views: 1.8ms | ActiveRecord: 0.1ms | Allocations: 1179)


Started GET "/users" for 127.0.0.1 at 2023-08-02 17:32:41 -0300
Processing by UsersController#index as */*
  [1m[36mUser Load (0.1ms)[0m  [1m[34mSELECT "users".* FROM "users"[0m
  ↳ app/controllers/users_controller.rb:6:in `index'
Completed 200 OK in 2ms (Views: 1.9ms | ActiveRecord: 0.1ms | Allocations: 1179)


